<?xml version="1.0" encoding="UTF-8"?>
<!-- Generated by org.testng.reporters.JUnitReportReporter -->
<testsuite skipped="0" hostname="MRNDTHTEQCD0001" name="test.GoogleSearchTest_testNG2" tests="2" failures="0" timestamp="2020-01-28T12:36:13 IST" time="7.195" errors="0">
  <testcase name="googleSearch3" time="3.397" classname="test.GoogleSearchTest_testNG2"/>
  <system-out/>
  <testcase name="googleSearch2" time="3.798" classname="test.GoogleSearchTest_testNG2"/>
  <system-out/>
</testsuite> <!-- test.GoogleSearchTest_testNG2 -->
