<?xml version="1.0" encoding="UTF-8"?>
<!-- Generated by org.testng.reporters.JUnitReportReporter -->
<testsuite skipped="0" hostname="MRNDTHTEQCD0001" name="test.ExtentReportsForTestNG" tests="1" failures="0" timestamp="2020-01-30T10:58:45 IST" time="5.491" errors="0">
  <testcase name="test1" time="5.491" classname="test.ExtentReportsForTestNG"/>
  <system-out/>
</testsuite> <!-- test.ExtentReportsForTestNG -->
