<?xml version="1.0" encoding="UTF-8"?>
<!-- Generated by org.testng.reporters.JUnitReportReporter -->
<testsuite skipped="0" hostname="MRNDTHTEQCD0001" name="test.GoogleSearchTest_testNG" tests="1" failures="0" timestamp="2020-01-28T12:36:13 IST" time="7.193" errors="0">
  <testcase name="googleSearch" time="7.193" classname="test.GoogleSearchTest_testNG"/>
  <system-out/>
</testsuite> <!-- test.GoogleSearchTest_testNG -->
